16-10-22 19:39:09 daniels-macbook-pro-2.local ERROR [vscodeclj.core:37] - {:jsonrpc "2.0", :id 0, :method "initialize", :params {:processId 4053, :rootPath "/Users/danielbasedow/IdeaProjects/workout-mining", :capabilities {}}}
16-10-22 19:39:09 daniels-macbook-pro-2.local ERROR [vscodeclj.io:43] - {:id 0, :result {:capabilities {:textDocumentSync 1, :documentFormattingProvider true, :definitionProvider true}}}
16-10-22 19:39:09 daniels-macbook-pro-2.local ERROR [vscodeclj.core:37] - {:jsonrpc "2.0", :method "textDocument/didOpen", :params {:textDocument {:uri "file:///Users/danielbasedow/IdeaProjects/workout-mining/project.clj", :languageId "clojure", :version 1, :text "(defproject workout-mining \"0.1.0-SNAPSHOT\"\n  :description \"FIXME: write description\"\n  :url \"http://example.com/FIXME\"\n  :license {:name \"Eclipse Public License\"\n            :url  \"http://www.eclipse.org/legal/epl-v10.html\"}\n  :dependencies [[org.clojure/clojure \"1.6.0\"]\n                 [incanter \"1.5.6\"]\n                 [korma \"0.4.0\"]\n                 [clj-time \"0.9.0\"]\n                 [cheshire \"5.5.0\"]\n                 [org.clojure/data.csv \"0.1.3\"]\n                 [org.postgresql/postgresql \"9.2-1002-jdbc4\"]]\n  :plugins [[vscode-server-lein \"0.1.0-SNAPSHOT\"]])\n"}}}
16-10-22 19:39:09 daniels-macbook-pro-2.local ERROR [vscodeclj.symbols:97] - Users.danielbasedow.IdeaProjects.vscode-server-lein.file:.Users.danielbasedow.IdeaProjects.workout-mining.project
16-10-22 19:39:09 daniels-macbook-pro-2.local ERROR [vscodeclj.symbols:98] - /Users/danielbasedow/IdeaProjects/vscode-server-lein/src/clj
16-10-22 19:41:33 daniels-macbook-pro-2.local ERROR [vscodeclj.core:43] - /Users/danielbasedow/IdeaProjects/vscode-server-lein/src/clj
16-10-22 19:41:33 daniels-macbook-pro-2.local ERROR [vscodeclj.core:37] - {:jsonrpc "2.0", :id 0, :method "initialize", :params {:processId 4213, :rootPath "/Users/danielbasedow/IdeaProjects/workout-mining", :capabilities {}}}
16-10-22 19:41:33 daniels-macbook-pro-2.local ERROR [vscodeclj.io:43] - {:id 0, :result {:capabilities {:textDocumentSync 1, :documentFormattingProvider true, :definitionProvider true}}}
16-10-22 19:41:33 daniels-macbook-pro-2.local ERROR [vscodeclj.core:37] - {:jsonrpc "2.0", :method "textDocument/didOpen", :params {:textDocument {:uri "file:///Users/danielbasedow/IdeaProjects/workout-mining/project.clj", :languageId "clojure", :version 1, :text "(defproject workout-mining \"0.1.0-SNAPSHOT\"\n  :description \"FIXME: write description\"\n  :url \"http://example.com/FIXME\"\n  :license {:name \"Eclipse Public License\"\n            :url  \"http://www.eclipse.org/legal/epl-v10.html\"}\n  :dependencies [[org.clojure/clojure \"1.6.0\"]\n                 [incanter \"1.5.6\"]\n                 [korma \"0.4.0\"]\n                 [clj-time \"0.9.0\"]\n                 [cheshire \"5.5.0\"]\n                 [org.clojure/data.csv \"0.1.3\"]\n                 [org.postgresql/postgresql \"9.2-1002-jdbc4\"]]\n  :plugins [[vscode-server-lein \"0.1.0-SNAPSHOT\"]])\n"}}}
16-10-22 19:41:33 daniels-macbook-pro-2.local ERROR [vscodeclj.symbols:97] - Users.danielbasedow.IdeaProjects.vscode-server-lein.file:.Users.danielbasedow.IdeaProjects.workout-mining.project
16-10-22 19:41:33 daniels-macbook-pro-2.local ERROR [vscodeclj.symbols:98] - /Users/danielbasedow/IdeaProjects/vscode-server-lein/src/clj
16-10-22 19:55:33 Daniels-MacBook-Pro-2.local ERROR [vscodeclj.core:43] - /Users/danielbasedow/IdeaProjects/vscode-server-lein/src/clj
16-10-22 20:30:22 Daniels-MacBook-Pro-2.local ERROR [vscodeclj.core:43] - /Users/danielbasedow/IdeaProjects/vscode-server-lein/src/clj
16-10-25 17:09:39 Daniels-MacBook-Pro-2.local ERROR [vscodeclj.core:44] - /Users/danielbasedow/IdeaProjects/vscode-server-lein/src/clj
16-10-25 17:26:27 Daniels-MacBook-Pro-2.local ERROR [vscodeclj.core:44] - /Users/danielbasedow/IdeaProjects/vscode-server-lein/src/clj
16-10-25 18:00:07 Daniels-MacBook-Pro-2.local ERROR [vscodeclj.core:44] - /Users/danielbasedow/IdeaProjects/vscode-server-lein/src/clj
16-10-25 19:29:55 Daniels-MacBook-Pro-2.local ERROR [vscodeclj.core:44] - /Users/danielbasedow/IdeaProjects/vscode-server-lein/src/clj
16-10-28 16:46:07 Daniels-MacBook-Pro-2.local ERROR [vscodeclj.core:44] - /Users/danielbasedow/IdeaProjects/vscode-server-lein/src/clj
16-10-28 17:10:36 Daniels-MacBook-Pro-2.local ERROR [vscodeclj.core:44] - /Users/danielbasedow/IdeaProjects/vscode-server-lein/src/clj
16-10-28 18:31:47 Daniels-MacBook-Pro-2.local ERROR [vscodeclj.core:46] - /Users/danielbasedow/IdeaProjects/vscode-server-lein/src/clj
16-10-29 09:31:57 Daniels-MacBook-Pro-2.local ERROR [vscodeclj.core:46] - /Users/danielbasedow/IdeaProjects/vscode-server-lein/src/clj
